# JRE version: OpenJDK Runtime Environment (11.0+28) (build 11+28)
# Java VM: OpenJDK 64-Bit Server VM (11+28, mixed mode, tiered, compressed oops, g1 gc, windows-amd64)
Heap:
 garbage-first heap   total 131072K, used 5120K [0x0000000080200000, 0x0000000100000000)
  region size 1024K, 1 young (1024K), 1 survivors (1024K)
 Metaspace       used 14674K, capacity 14896K, committed 14976K, reserved 1081344K
  class space    used 1495K, capacity 1585K, committed 1664K, reserved 1048576K
GC Heap History (6 events):
Event: 0.857 GC heap before
{Heap before GC invocations=0 (full 0):
 garbage-first heap   total 131072K, used 14336K [0x0000000080200000, 0x0000000100000000)
  region size 1024K, 14 young (14336K), 0 survivors (0K)
 Metaspace       used 10813K, capacity 10961K, committed 11136K, reserved 1058816K
  class space    used 1031K, capacity 1100K, committed 1152K, reserved 1048576K
}
Event: 0.863 GC heap after
{Heap after GC invocations=1 (full 0):
 garbage-first heap   total 131072K, used 4021K [0x0000000080200000, 0x0000000100000000)
  region size 1024K, 2 young (2048K), 2 survivors (2048K)
 Metaspace       used 10813K, capacity 10961K, committed 11136K, reserved 1058816K
  class space    used 1031K, capacity 1100K, committed 1152K, reserved 1048576K
}
Event: 1.025 GC heap before
{Heap before GC invocations=1 (full 0):
 garbage-first heap   total 131072K, used 9141K [0x0000000080200000, 0x0000000100000000)
  region size 1024K, 7 young (7168K), 2 survivors (2048K)
 Metaspace       used 13182K, capacity 13393K, committed 13440K, reserved 1060864K
  class space    used 1296K, capacity 1380K, committed 1408K, reserved 1048576K
}
Event: 1.029 GC heap after
{Heap after GC invocations=2 (full 0):
 garbage-first heap   total 131072K, used 4572K [0x0000000080200000, 0x0000000100000000)
  region size 1024K, 1 young (1024K), 1 survivors (1024K)
 Metaspace       used 13182K, capacity 13393K, committed 13440K, reserved 1060864K
  class space    used 1296K, capacity 1380K, committed 1408K, reserved 1048576K
}
Event: 1.074 GC heap before
{Heap before GC invocations=2 (full 0):
 garbage-first heap   total 131072K, used 5596K [0x0000000080200000, 0x0000000100000000)
  region size 1024K, 3 young (3072K), 1 survivors (1024K)
 Metaspace       used 13498K, capacity 13673K, committed 13824K, reserved 1067008K
  class space    used 1340K, capacity 1432K, committed 1536K, reserved 1048576K
}
Event: 1.076 GC heap after
{Heap after GC invocations=3 (full 0):
 garbage-first heap   total 131072K, used 4665K [0x0000000080200000, 0x0000000100000000)
  region size 1024K, 1 young (1024K), 1 survivors (1024K)
 Metaspace       used 13498K, capacity 13673K, committed 13824K, reserved 1067008K
  class space    used 1340K, capacity 1432K, committed 1536K, reserved 1048576K
}

