# JRE version: OpenJDK Runtime Environment (18.0.2+9) (build 18.0.2+9-61)
# Java VM: OpenJDK 64-Bit Server VM (18.0.2+9-61, mixed mode, sharing, tiered, compressed oops, compressed class ptrs, g1 gc, windows-amd64)
GC Precious Log:
 CardTable entry size: 512
 Card Set container configuration: InlinePtr #cards 5 size 8 Array Of Cards #cards 12 size 40 Howl #buckets 4 coarsen threshold 1843 Howl Bitmap #cards 512 size 80 coarsen threshold 460 Card regions per heap region 1 cards per card region 2048
 CPUs: 4 total, 4 available
 Memory: 8183M
 Large Page Support: Disabled
 NUMA Support: Disabled
 Compressed Oops: Enabled (32-bit)
 Heap Region Size: 1M
 Heap Min Capacity: 8M
 Heap Initial Capacity: 128M
 Heap Max Capacity: 2046M
 Pre-touch: Disabled
 Parallel Workers: 4
 Concurrent Workers: 1
 Concurrent Refinement Workers: 4
 Periodic GC: Disabled
Heap:
 garbage-first heap   total 75776K, used 55578K [0x0000000080200000, 0x0000000100000000)
  region size 1024K, 28 young (28672K), 3 survivors (3072K)
 Metaspace       used 57306K, committed 57920K, reserved 1114112K
  class space    used 7208K, committed 7488K, reserved 1048576K
GC Heap History (20 events):
Event: 0.895 GC heap before
{Heap before GC invocations=1 (full 0):
 garbage-first heap   total 131072K, used 13607K [0x0000000080200000, 0x0000000100000000)
  region size 1024K, 9 young (9216K), 2 survivors (2048K)
 Metaspace       used 4858K, committed 5056K, reserved 1114112K
  class space    used 528K, committed 640K, reserved 1048576K
}
Event: 0.899 GC heap after
{Heap after GC invocations=2 (full 0):
 garbage-first heap   total 131072K, used 7412K [0x0000000080200000, 0x0000000100000000)
  region size 1024K, 1 young (1024K), 1 survivors (1024K)
 Metaspace       used 4858K, committed 5056K, reserved 1114112K
  class space    used 528K, committed 640K, reserved 1048576K
}
Event: 1.808 GC heap before
{Heap before GC invocations=2 (full 0):
 garbage-first heap   total 131072K, used 27892K [0x0000000080200000, 0x0000000100000000)
  region size 1024K, 22 young (22528K), 1 survivors (1024K)
 Metaspace       used 10647K, committed 10880K, reserved 1114112K
  class space    used 1296K, committed 1408K, reserved 1048576K
}
Event: 1.814 GC heap after
{Heap after GC invocations=3 (full 0):
 garbage-first heap   total 131072K, used 9307K [0x0000000080200000, 0x0000000100000000)
  region size 1024K, 3 young (3072K), 3 survivors (3072K)
 Metaspace       used 10647K, committed 10880K, reserved 1114112K
  class space    used 1296K, committed 1408K, reserved 1048576K
}
Event: 4.086 GC heap before
{Heap before GC invocations=3 (full 0):
 garbage-first heap   total 131072K, used 60507K [0x0000000080200000, 0x0000000100000000)
  region size 1024K, 55 young (56320K), 3 survivors (3072K)
 Metaspace       used 21260K, committed 21504K, reserved 1114112K
  class space    used 2547K, committed 2688K, reserved 1048576K
}
Event: 4.096 GC heap after
{Heap after GC invocations=4 (full 0):
 garbage-first heap   total 131072K, used 13055K [0x0000000080200000, 0x0000000100000000)
  region size 1024K, 7 young (7168K), 7 survivors (7168K)
 Metaspace       used 21260K, committed 21504K, reserved 1114112K
  class space    used 2547K, committed 2688K, reserved 1048576K
}
Event: 5.225 GC heap before
{Heap before GC invocations=5 (full 0):
 garbage-first heap   total 55296K, used 52991K [0x0000000080200000, 0x0000000100000000)
  region size 1024K, 47 young (48128K), 7 survivors (7168K)
 Metaspace       used 28026K, committed 28352K, reserved 1114112K
  class space    used 3550K, committed 3712K, reserved 1048576K
}
Event: 5.248 GC heap after
{Heap after GC invocations=6 (full 0):
 garbage-first heap   total 65536K, used 15611K [0x0000000080200000, 0x0000000100000000)
  region size 1024K, 7 young (7168K), 7 survivors (7168K)
 Metaspace       used 28026K, committed 28352K, reserved 1114112K
  class space    used 3550K, committed 3712K, reserved 1048576K
}
Event: 6.100 GC heap before
{Heap before GC invocations=6 (full 0):
 garbage-first heap   total 65536K, used 45307K [0x0000000080200000, 0x0000000100000000)
  region size 1024K, 34 young (34816K), 7 survivors (7168K)
 Metaspace       used 32523K, committed 32832K, reserved 1114112K
  class space    used 4087K, committed 4224K, reserved 1048576K
}
Event: 6.111 GC heap after
{Heap after GC invocations=7 (full 0):
 garbage-first heap   total 65536K, used 18606K [0x0000000080200000, 0x0000000100000000)
  region size 1024K, 3 young (3072K), 3 survivors (3072K)
 Metaspace       used 32523K, committed 32832K, reserved 1114112K
  class space    used 4087K, committed 4224K, reserved 1048576K
}
Event: 6.603 GC heap before
{Heap before GC invocations=7 (full 0):
 garbage-first heap   total 65536K, used 31918K [0x0000000080200000, 0x0000000100000000)
  region size 1024K, 17 young (17408K), 3 survivors (3072K)
 Metaspace       used 35652K, committed 35968K, reserved 1114112K
  class space    used 4566K, committed 4736K, reserved 1048576K
}
Event: 6.608 GC heap after
{Heap after GC invocations=8 (full 0):
 garbage-first heap   total 78848K, used 19818K [0x0000000080200000, 0x0000000100000000)
  region size 1024K, 2 young (2048K), 2 survivors (2048K)
 Metaspace       used 35652K, committed 35968K, reserved 1114112K
  class space    used 4566K, committed 4736K, reserved 1048576K
}
Event: 7.864 GC heap before
{Heap before GC invocations=9 (full 0):
 garbage-first heap   total 75776K, used 57706K [0x0000000080200000, 0x0000000100000000)
  region size 1024K, 39 young (39936K), 2 survivors (2048K)
 Metaspace       used 41127K, committed 41536K, reserved 1114112K
  class space    used 5381K, committed 5568K, reserved 1048576K
}
Event: 7.873 GC heap after
{Heap after GC invocations=10 (full 0):
 garbage-first heap   total 75776K, used 23872K [0x0000000080200000, 0x0000000100000000)
  region size 1024K, 5 young (5120K), 5 survivors (5120K)
 Metaspace       used 41127K, committed 41536K, reserved 1114112K
  class space    used 5381K, committed 5568K, reserved 1048576K
}
Event: 8.696 GC heap before
{Heap before GC invocations=10 (full 0):
 garbage-first heap   total 75776K, used 55616K [0x0000000080200000, 0x0000000100000000)
  region size 1024K, 36 young (36864K), 5 survivors (5120K)
 Metaspace       used 47621K, committed 48192K, reserved 1114112K
  class space    used 6230K, committed 6528K, reserved 1048576K
}
Event: 8.705 GC heap after
{Heap after GC invocations=11 (full 0):
 garbage-first heap   total 75776K, used 28454K [0x0000000080200000, 0x0000000100000000)
  region size 1024K, 5 young (5120K), 5 survivors (5120K)
 Metaspace       used 47621K, committed 48192K, reserved 1114112K
  class space    used 6230K, committed 6528K, reserved 1048576K
}
Event: 9.373 GC heap before
{Heap before GC invocations=11 (full 0):
 garbage-first heap   total 75776K, used 54054K [0x0000000080200000, 0x0000000100000000)
  region size 1024K, 31 young (31744K), 5 survivors (5120K)
 Metaspace       used 53991K, committed 54528K, reserved 1114112K
  class space    used 6771K, committed 7040K, reserved 1048576K
}
Event: 9.379 GC heap after
{Heap after GC invocations=12 (full 0):
 garbage-first heap   total 75776K, used 30350K [0x0000000080200000, 0x0000000100000000)
  region size 1024K, 3 young (3072K), 3 survivors (3072K)
 Metaspace       used 53991K, committed 54528K, reserved 1114112K
  class space    used 6771K, committed 7040K, reserved 1048576K
}
Event: 39.201 GC heap before
{Heap before GC invocations=12 (full 0):
 garbage-first heap   total 75776K, used 55950K [0x0000000080200000, 0x0000000100000000)
  region size 1024K, 28 young (28672K), 3 survivors (3072K)
 Metaspace       used 57191K, committed 57792K, reserved 1114112K
  class space    used 7206K, committed 7488K, reserved 1048576K
}
Event: 39.207 GC heap after
{Heap after GC invocations=13 (full 0):
 garbage-first heap   total 75776K, used 31002K [0x0000000080200000, 0x0000000100000000)
  region size 1024K, 3 young (3072K), 3 survivors (3072K)
 Metaspace       used 57191K, committed 57792K, reserved 1114112K
  class space    used 7206K, committed 7488K, reserved 1048576K
}

