# JRE version: OpenJDK Runtime Environment (11.0+28) (build 11+28)
# Java VM: OpenJDK 64-Bit Server VM (11+28, mixed mode, tiered, compressed oops, g1 gc, windows-amd64)
Heap:
 garbage-first heap   total 189440K, used 45763K [0x0000000080200000, 0x0000000100000000)
  region size 1024K, 20 young (20480K), 11 survivors (11264K)
 Metaspace       used 75994K, capacity 78319K, committed 78592K, reserved 1118208K
  class space    used 9203K, capacity 10113K, committed 10240K, reserved 1048576K
GC Heap History (10 events):
Event: 7.773 GC heap before
{Heap before GC invocations=9 (full 0):
 garbage-first heap   total 157696K, used 106929K [0x0000000080200000, 0x0000000100000000)
  region size 1024K, 92 young (94208K), 11 survivors (11264K)
 Metaspace       used 47689K, capacity 48876K, committed 49024K, reserved 1091584K
  class space    used 5760K, capacity 6243K, committed 6272K, reserved 1048576K
}
Event: 7.786 GC heap after
{Heap after GC invocations=10 (full 0):
 garbage-first heap   total 157696K, used 23008K [0x0000000080200000, 0x0000000100000000)
  region size 1024K, 8 young (8192K), 8 survivors (8192K)
 Metaspace       used 47689K, capacity 48876K, committed 49024K, reserved 1091584K
  class space    used 5760K, capacity 6243K, committed 6272K, reserved 1048576K
}
Event: 8.739 GC heap before
{Heap before GC invocations=10 (full 0):
 garbage-first heap   total 157696K, used 109024K [0x0000000080200000, 0x0000000100000000)
  region size 1024K, 92 young (94208K), 8 survivors (8192K)
 Metaspace       used 54124K, capacity 55666K, committed 55808K, reserved 1097728K
  class space    used 6706K, capacity 7341K, committed 7424K, reserved 1048576K
}
Event: 8.756 GC heap after
{Heap after GC invocations=11 (full 0):
 garbage-first heap   total 189440K, used 27871K [0x0000000080200000, 0x0000000100000000)
  region size 1024K, 8 young (8192K), 8 survivors (8192K)
 Metaspace       used 54124K, capacity 55666K, committed 55808K, reserved 1097728K
  class space    used 6706K, capacity 7341K, committed 7424K, reserved 1048576K
}
Event: 9.869 GC heap before
{Heap before GC invocations=11 (full 0):
 garbage-first heap   total 189440K, used 131295K [0x0000000080200000, 0x0000000100000000)
  region size 1024K, 109 young (111616K), 8 survivors (8192K)
 Metaspace       used 57838K, capacity 59606K, committed 59648K, reserved 1101824K
  class space    used 7191K, capacity 7899K, committed 7936K, reserved 1048576K
}
Event: 9.883 GC heap after
{Heap after GC invocations=12 (full 0):
 garbage-first heap   total 189440K, used 32109K [0x0000000080200000, 0x0000000100000000)
  region size 1024K, 10 young (10240K), 10 survivors (10240K)
 Metaspace       used 57838K, capacity 59606K, committed 59648K, reserved 1101824K
  class space    used 7191K, capacity 7899K, committed 7936K, reserved 1048576K
}
Event: 10.063 GC heap before
{Heap before GC invocations=12 (full 0):
 garbage-first heap   total 189440K, used 51565K [0x0000000080200000, 0x0000000100000000)
  region size 1024K, 30 young (30720K), 10 survivors (10240K)
 Metaspace       used 58289K, capacity 60046K, committed 60160K, reserved 1101824K
  class space    used 7257K, capacity 7983K, committed 8064K, reserved 1048576K
}
Event: 10.079 GC heap after
{Heap after GC invocations=13 (full 0):
 garbage-first heap   total 189440K, used 32587K [0x0000000080200000, 0x0000000100000000)
  region size 1024K, 6 young (6144K), 6 survivors (6144K)
 Metaspace       used 58289K, capacity 60046K, committed 60160K, reserved 1101824K
  class space    used 7257K, capacity 7983K, committed 8064K, reserved 1048576K
}
Event: 721.995 GC heap before
{Heap before GC invocations=14 (full 0):
 garbage-first heap   total 189440K, used 140107K [0x0000000080200000, 0x0000000100000000)
  region size 1024K, 111 young (113664K), 6 survivors (6144K)
 Metaspace       used 75742K, capacity 78043K, committed 78208K, reserved 1118208K
  class space    used 9194K, capacity 10108K, committed 10112K, reserved 1048576K
}
Event: 722.122 GC heap after
{Heap after GC invocations=15 (full 0):
 garbage-first heap   total 189440K, used 37571K [0x0000000080200000, 0x0000000100000000)
  region size 1024K, 11 young (11264K), 11 survivors (11264K)
 Metaspace       used 75742K, capacity 78043K, committed 78208K, reserved 1118208K
  class space    used 9194K, capacity 10108K, committed 10112K, reserved 1048576K
}

