# JRE version: OpenJDK Runtime Environment (18.0.2+9) (build 18.0.2+9-61)
# Java VM: OpenJDK 64-Bit Server VM (18.0.2+9-61, mixed mode, sharing, tiered, compressed oops, compressed class ptrs, g1 gc, windows-amd64)
GC Precious Log:
 CardTable entry size: 512
 Card Set container configuration: InlinePtr #cards 5 size 8 Array Of Cards #cards 12 size 40 Howl #buckets 4 coarsen threshold 1843 Howl Bitmap #cards 512 size 80 coarsen threshold 460 Card regions per heap region 1 cards per card region 2048
 CPUs: 4 total, 4 available
 Memory: 8183M
 Large Page Support: Disabled
 NUMA Support: Disabled
 Compressed Oops: Enabled (32-bit)
 Heap Region Size: 1M
 Heap Min Capacity: 8M
 Heap Initial Capacity: 128M
 Heap Max Capacity: 2046M
 Pre-touch: Disabled
 Parallel Workers: 4
 Concurrent Workers: 1
 Concurrent Refinement Workers: 4
 Periodic GC: Disabled
Heap:
 garbage-first heap   total 125952K, used 93263K [0x0000000080200000, 0x0000000100000000)
  region size 1024K, 54 young (55296K), 1 survivors (1024K)
 Metaspace       used 62293K, committed 62912K, reserved 1114112K
  class space    used 7779K, committed 8064K, reserved 1048576K
GC Heap History (20 events):
Event: 14.551 GC heap before
{Heap before GC invocations=15 (full 0):
 garbage-first heap   total 67584K, used 25291K [0x0000000080200000, 0x0000000100000000)
  region size 1024K, 6 young (6144K), 5 survivors (5120K)
 Metaspace       used 38390K, committed 38976K, reserved 1114112K
  class space    used 4773K, committed 5056K, reserved 1048576K
}
Event: 14.556 GC heap after
{Heap after GC invocations=16 (full 0):
 garbage-first heap   total 67584K, used 24181K [0x0000000080200000, 0x0000000100000000)
  region size 1024K, 1 young (1024K), 1 survivors (1024K)
 Metaspace       used 38390K, committed 38976K, reserved 1114112K
  class space    used 4773K, committed 5056K, reserved 1048576K
}
Event: 14.989 GC heap before
{Heap before GC invocations=16 (full 0):
 garbage-first heap   total 67584K, used 53877K [0x0000000080200000, 0x0000000100000000)
  region size 1024K, 30 young (30720K), 1 survivors (1024K)
 Metaspace       used 40373K, committed 40960K, reserved 1114112K
  class space    used 5025K, committed 5312K, reserved 1048576K
}
Event: 14.994 GC heap after
{Heap after GC invocations=17 (full 0):
 garbage-first heap   total 67584K, used 27969K [0x0000000080200000, 0x0000000100000000)
  region size 1024K, 4 young (4096K), 4 survivors (4096K)
 Metaspace       used 40373K, committed 40960K, reserved 1114112K
  class space    used 5025K, committed 5312K, reserved 1048576K
}
Event: 15.569 GC heap before
{Heap before GC invocations=17 (full 0):
 garbage-first heap   total 67584K, used 52545K [0x0000000080200000, 0x0000000100000000)
  region size 1024K, 28 young (28672K), 4 survivors (4096K)
 Metaspace       used 43549K, committed 44032K, reserved 1114112K
  class space    used 5525K, committed 5760K, reserved 1048576K
}
Event: 15.577 GC heap after
{Heap after GC invocations=18 (full 0):
 garbage-first heap   total 104448K, used 29921K [0x0000000080200000, 0x0000000100000000)
  region size 1024K, 2 young (2048K), 2 survivors (2048K)
 Metaspace       used 43549K, committed 44032K, reserved 1114112K
  class space    used 5525K, committed 5760K, reserved 1048576K
}
Event: 16.325 GC heap before
{Heap before GC invocations=18 (full 0):
 garbage-first heap   total 104448K, used 78049K [0x0000000080200000, 0x0000000100000000)
  region size 1024K, 49 young (50176K), 2 survivors (2048K)
 Metaspace       used 46075K, committed 46592K, reserved 1114112K
  class space    used 5898K, committed 6144K, reserved 1048576K
}
Event: 16.334 GC heap after
{Heap after GC invocations=19 (full 0):
 garbage-first heap   total 104448K, used 32303K [0x0000000080200000, 0x0000000100000000)
  region size 1024K, 5 young (5120K), 5 survivors (5120K)
 Metaspace       used 46075K, committed 46592K, reserved 1114112K
  class space    used 5898K, committed 6144K, reserved 1048576K
}
Event: 17.155 GC heap before
{Heap before GC invocations=19 (full 0):
 garbage-first heap   total 104448K, used 78383K [0x0000000080200000, 0x0000000100000000)
  region size 1024K, 51 young (52224K), 5 survivors (5120K)
 Metaspace       used 51429K, committed 51968K, reserved 1114112K
  class space    used 6548K, committed 6848K, reserved 1048576K
}
Event: 17.168 GC heap after
{Heap after GC invocations=20 (full 0):
 garbage-first heap   total 104448K, used 36382K [0x0000000080200000, 0x0000000100000000)
  region size 1024K, 7 young (7168K), 7 survivors (7168K)
 Metaspace       used 51429K, committed 51968K, reserved 1114112K
  class space    used 6548K, committed 6848K, reserved 1048576K
}
Event: 17.646 GC heap before
{Heap before GC invocations=20 (full 0):
 garbage-first heap   total 104448K, used 80414K [0x0000000080200000, 0x0000000100000000)
  region size 1024K, 50 young (51200K), 7 survivors (7168K)
 Metaspace       used 53840K, committed 54336K, reserved 1114112K
  class space    used 6877K, committed 7104K, reserved 1048576K
}
Event: 17.657 GC heap after
{Heap after GC invocations=21 (full 0):
 garbage-first heap   total 104448K, used 37833K [0x0000000080200000, 0x0000000100000000)
  region size 1024K, 3 young (3072K), 3 survivors (3072K)
 Metaspace       used 53840K, committed 54336K, reserved 1114112K
  class space    used 6877K, committed 7104K, reserved 1048576K
}
Event: 95.059 GC heap before
{Heap before GC invocations=21 (full 0):
 garbage-first heap   total 104448K, used 79817K [0x0000000080200000, 0x0000000100000000)
  region size 1024K, 45 young (46080K), 3 survivors (3072K)
 Metaspace       used 59549K, committed 60096K, reserved 1114112K
  class space    used 7546K, committed 7808K, reserved 1048576K
}
Event: 95.099 GC heap after
{Heap after GC invocations=22 (full 0):
 garbage-first heap   total 125952K, used 39966K [0x0000000080200000, 0x0000000100000000)
  region size 1024K, 5 young (5120K), 5 survivors (5120K)
 Metaspace       used 59549K, committed 60096K, reserved 1114112K
  class space    used 7546K, committed 7808K, reserved 1048576K
}
Event: 95.165 GC heap before
{Heap before GC invocations=22 (full 0):
 garbage-first heap   total 125952K, used 40990K [0x0000000080200000, 0x0000000100000000)
  region size 1024K, 7 young (7168K), 5 survivors (5120K)
 Metaspace       used 59942K, committed 60480K, reserved 1114112K
  class space    used 7667K, committed 7936K, reserved 1048576K
}
Event: 95.182 GC heap after
{Heap after GC invocations=23 (full 0):
 garbage-first heap   total 125952K, used 40113K [0x0000000080200000, 0x0000000100000000)
  region size 1024K, 3 young (3072K), 3 survivors (3072K)
 Metaspace       used 59942K, committed 60480K, reserved 1114112K
  class space    used 7667K, committed 7936K, reserved 1048576K
}
Event: 429.417 GC heap before
{Heap before GC invocations=24 (full 0):
 garbage-first heap   total 125952K, used 99505K [0x0000000080200000, 0x0000000100000000)
  region size 1024K, 61 young (62464K), 3 survivors (3072K)
 Metaspace       used 61590K, committed 62208K, reserved 1114112K
  class space    used 7760K, committed 8064K, reserved 1048576K
}
Event: 429.423 GC heap after
{Heap after GC invocations=25 (full 0):
 garbage-first heap   total 125952K, used 41000K [0x0000000080200000, 0x0000000100000000)
  region size 1024K, 4 young (4096K), 4 survivors (4096K)
 Metaspace       used 61590K, committed 62208K, reserved 1114112K
  class space    used 7760K, committed 8064K, reserved 1048576K
}
Event: 431.866 GC heap before
{Heap before GC invocations=25 (full 0):
 garbage-first heap   total 125952K, used 43048K [0x0000000080200000, 0x0000000100000000)
  region size 1024K, 6 young (6144K), 4 survivors (4096K)
 Metaspace       used 61590K, committed 62208K, reserved 1114112K
  class space    used 7760K, committed 8064K, reserved 1048576K
}
Event: 431.893 GC heap after
{Heap after GC invocations=26 (full 0):
 garbage-first heap   total 125952K, used 41039K [0x0000000080200000, 0x0000000100000000)
  region size 1024K, 1 young (1024K), 1 survivors (1024K)
 Metaspace       used 61590K, committed 62208K, reserved 1114112K
  class space    used 7760K, committed 8064K, reserved 1048576K
}

