# JRE version: OpenJDK Runtime Environment (18.0.2+9) (build 18.0.2+9-61)
# Java VM: OpenJDK 64-Bit Server VM (18.0.2+9-61, mixed mode, sharing, tiered, compressed oops, compressed class ptrs, g1 gc, windows-amd64)
GC Precious Log:
 CardTable entry size: 512
 Card Set container configuration: InlinePtr #cards 5 size 8 Array Of Cards #cards 12 size 40 Howl #buckets 4 coarsen threshold 1843 Howl Bitmap #cards 512 size 80 coarsen threshold 460 Card regions per heap region 1 cards per card region 2048
 CPUs: 4 total, 4 available
 Memory: 8183M
 Large Page Support: Disabled
 NUMA Support: Disabled
 Compressed Oops: Enabled (32-bit)
 Heap Region Size: 1M
 Heap Min Capacity: 8M
 Heap Initial Capacity: 128M
 Heap Max Capacity: 2046M
 Pre-touch: Disabled
 Parallel Workers: 4
 Concurrent Workers: 1
 Concurrent Refinement Workers: 4
 Periodic GC: Disabled
Heap:
 garbage-first heap   total 91136K, used 40508K [0x0000000080200000, 0x0000000100000000)
  region size 1024K, 4 young (4096K), 3 survivors (3072K)
 Metaspace       used 60142K, committed 60800K, reserved 1114112K
  class space    used 7575K, committed 7872K, reserved 1048576K
GC Heap History (20 events):
Event: 5.861 GC heap before
{Heap before GC invocations=7 (full 0):
 garbage-first heap   total 62464K, used 44142K [0x0000000080200000, 0x0000000100000000)
  region size 1024K, 25 young (25600K), 3 survivors (3072K)
 Metaspace       used 32659K, committed 32960K, reserved 1114112K
  class space    used 3972K, committed 4096K, reserved 1048576K
}
Event: 5.869 GC heap after
{Heap after GC invocations=8 (full 0):
 garbage-first heap   total 75776K, used 19980K [0x0000000080200000, 0x0000000100000000)
  region size 1024K, 2 young (2048K), 2 survivors (2048K)
 Metaspace       used 32659K, committed 32960K, reserved 1114112K
  class space    used 3972K, committed 4096K, reserved 1048576K
}
Event: 6.377 GC heap before
{Heap before GC invocations=8 (full 0):
 garbage-first heap   total 75776K, used 55820K [0x0000000080200000, 0x0000000100000000)
  region size 1024K, 37 young (37888K), 2 survivors (2048K)
 Metaspace       used 34633K, committed 35072K, reserved 1114112K
  class space    used 4220K, committed 4416K, reserved 1048576K
}
Event: 6.385 GC heap after
{Heap after GC invocations=9 (full 0):
 garbage-first heap   total 75776K, used 20986K [0x0000000080200000, 0x0000000100000000)
  region size 1024K, 3 young (3072K), 3 survivors (3072K)
 Metaspace       used 34633K, committed 35072K, reserved 1114112K
  class space    used 4220K, committed 4416K, reserved 1048576K
}
Event: 6.630 GC heap before
{Heap before GC invocations=9 (full 0):
 garbage-first heap   total 75776K, used 42490K [0x0000000080200000, 0x0000000100000000)
  region size 1024K, 25 young (25600K), 3 survivors (3072K)
 Metaspace       used 35584K, committed 35968K, reserved 1114112K
  class space    used 4357K, committed 4544K, reserved 1048576K
}
Event: 6.635 GC heap after
{Heap after GC invocations=10 (full 0):
 garbage-first heap   total 75776K, used 21803K [0x0000000080200000, 0x0000000100000000)
  region size 1024K, 3 young (3072K), 3 survivors (3072K)
 Metaspace       used 35584K, committed 35968K, reserved 1114112K
  class space    used 4357K, committed 4544K, reserved 1048576K
}
Event: 7.170 GC heap before
{Heap before GC invocations=11 (full 0):
 garbage-first heap   total 75776K, used 56619K [0x0000000080200000, 0x0000000100000000)
  region size 1024K, 37 young (37888K), 3 survivors (3072K)
 Metaspace       used 38466K, committed 38976K, reserved 1114112K
  class space    used 4777K, committed 4992K, reserved 1048576K
}
Event: 7.176 GC heap after
{Heap after GC invocations=12 (full 0):
 garbage-first heap   total 75776K, used 24715K [0x0000000080200000, 0x0000000100000000)
  region size 1024K, 5 young (5120K), 5 survivors (5120K)
 Metaspace       used 38466K, committed 38976K, reserved 1114112K
  class space    used 4777K, committed 4992K, reserved 1048576K
}
Event: 7.591 GC heap before
{Heap before GC invocations=12 (full 0):
 garbage-first heap   total 75776K, used 57483K [0x0000000080200000, 0x0000000100000000)
  region size 1024K, 37 young (37888K), 5 survivors (5120K)
 Metaspace       used 41981K, committed 42496K, reserved 1114112K
  class space    used 5271K, committed 5504K, reserved 1048576K
}
Event: 7.600 GC heap after
{Heap after GC invocations=13 (full 0):
 garbage-first heap   total 75776K, used 28713K [0x0000000080200000, 0x0000000100000000)
  region size 1024K, 4 young (4096K), 4 survivors (4096K)
 Metaspace       used 41981K, committed 42496K, reserved 1114112K
  class space    used 5271K, committed 5504K, reserved 1048576K
}
Event: 8.167 GC heap before
{Heap before GC invocations=13 (full 0):
 garbage-first heap   total 75776K, used 57385K [0x0000000080200000, 0x0000000100000000)
  region size 1024K, 32 young (32768K), 4 survivors (4096K)
 Metaspace       used 44323K, committed 44864K, reserved 1114112K
  class space    used 5688K, committed 5952K, reserved 1048576K
}
Event: 8.173 GC heap after
{Heap after GC invocations=14 (full 0):
 garbage-first heap   total 91136K, used 30860K [0x0000000080200000, 0x0000000100000000)
  region size 1024K, 3 young (3072K), 3 survivors (3072K)
 Metaspace       used 44323K, committed 44864K, reserved 1114112K
  class space    used 5688K, committed 5952K, reserved 1048576K
}
Event: 9.384 GC heap before
{Heap before GC invocations=14 (full 0):
 garbage-first heap   total 91136K, used 68748K [0x0000000080200000, 0x0000000100000000)
  region size 1024K, 40 young (40960K), 3 survivors (3072K)
 Metaspace       used 46081K, committed 46656K, reserved 1114112K
  class space    used 5899K, committed 6144K, reserved 1048576K
}
Event: 9.390 GC heap after
{Heap after GC invocations=15 (full 0):
 garbage-first heap   total 91136K, used 32510K [0x0000000080200000, 0x0000000100000000)
  region size 1024K, 4 young (4096K), 4 survivors (4096K)
 Metaspace       used 46081K, committed 46656K, reserved 1114112K
  class space    used 5899K, committed 6144K, reserved 1048576K
}
Event: 10.741 GC heap before
{Heap before GC invocations=15 (full 0):
 garbage-first heap   total 91136K, used 70398K [0x0000000080200000, 0x0000000100000000)
  region size 1024K, 41 young (41984K), 4 survivors (4096K)
 Metaspace       used 48315K, committed 48832K, reserved 1114112K
  class space    used 6203K, committed 6464K, reserved 1048576K
}
Event: 10.753 GC heap after
{Heap after GC invocations=16 (full 0):
 garbage-first heap   total 91136K, used 35028K [0x0000000080200000, 0x0000000100000000)
  region size 1024K, 5 young (5120K), 5 survivors (5120K)
 Metaspace       used 48315K, committed 48832K, reserved 1114112K
  class space    used 6203K, committed 6464K, reserved 1048576K
}
Event: 12.234 GC heap before
{Heap before GC invocations=16 (full 0):
 garbage-first heap   total 91136K, used 71892K [0x0000000080200000, 0x0000000100000000)
  region size 1024K, 41 young (41984K), 5 survivors (5120K)
 Metaspace       used 53591K, committed 54144K, reserved 1114112K
  class space    used 6850K, committed 7104K, reserved 1048576K
}
Event: 12.243 GC heap after
{Heap after GC invocations=17 (full 0):
 garbage-first heap   total 91136K, used 37706K [0x0000000080200000, 0x0000000100000000)
  region size 1024K, 6 young (6144K), 6 survivors (6144K)
 Metaspace       used 53591K, committed 54144K, reserved 1114112K
  class space    used 6850K, committed 7104K, reserved 1048576K
}
Event: 17.140 GC heap before
{Heap before GC invocations=17 (full 0):
 garbage-first heap   total 91136K, used 71498K [0x0000000080200000, 0x0000000100000000)
  region size 1024K, 39 young (39936K), 6 survivors (6144K)
 Metaspace       used 55876K, committed 56512K, reserved 1114112K
  class space    used 7131K, committed 7424K, reserved 1048576K
}
Event: 17.156 GC heap after
{Heap after GC invocations=18 (full 0):
 garbage-first heap   total 91136K, used 39550K [0x0000000080200000, 0x0000000100000000)
  region size 1024K, 2 young (2048K), 2 survivors (2048K)
 Metaspace       used 55876K, committed 56512K, reserved 1114112K
  class space    used 7131K, committed 7424K, reserved 1048576K
}

